<?xml version="1.0" encoding="UTF-8"?>
<!-- Generated by org.testng.reporters.JUnitXMLReporter -->
<testsuite ignored="0" hostname="DESKTOP-KIN1R8R" failures="0" tests="4" name="chromeTest" time="145.946" errors="0" timestamp="2020-05-25T20:27:19 IST">
  <testcase classname="com.MVN.Hackathon_Team6.ZigWheels_TestCase" name="googleLogin" time="56.466"/>
  <testcase classname="com.MVN.Hackathon_Team6.ZigWheels_TestCase" name="search" time="28.139"/>
  <testcase classname="com.MVN.Hackathon_Team6.ZigWheels_UsedCars" name="usedCars" time="17.559"/>
  <testcase classname="com.MVN.Hackathon_Team6.ZigWheels_UsedCars" name="logout" time="9.989"/>
</testsuite> <!-- chromeTest -->
