<?xml version="1.0" encoding="UTF-8"?>
<testng-results ignored="0" total="4" passed="4" failed="0" skipped="0">
  <reporter-output>
  </reporter-output>
  <suite started-at="2020-05-25T20:24:53 IST" name="Suite" finished-at="2020-05-25T20:27:19 IST" duration-ms="145946">
    <groups>
    </groups>
    <test started-at="2020-05-25T20:24:53 IST" name="chromeTest" finished-at="2020-05-25T20:27:19 IST" duration-ms="145946">
      <class name="com.MVN.Hackathon_Team6.ZigWheels_UsedCars">
        <test-method is-config="true" signature="setupDriver(java.lang.String)[pri:0, instance:com.MVN.Hackathon_Team6.ZigWheels_UsedCars@19fb8826]" started-at="2020-05-25T20:24:53 IST" name="setupDriver" finished-at="2020-05-25T20:25:01 IST" duration-ms="8066" status="PASS">
          <params>
            <param index="0">
              <value>
                <![CDATA[chrome]]>
              </value>
            </param>
          </params>
          <reporter-output>
          </reporter-output>
        </test-method> <!-- setupDriver -->
        <test-method is-config="true" signature="openBrowser()[pri:0, instance:com.MVN.Hackathon_Team6.ZigWheels_UsedCars@19fb8826]" started-at="2020-05-25T20:25:01 IST" name="openBrowser" finished-at="2020-05-25T20:25:22 IST" duration-ms="20460" status="PASS">
          <reporter-output>
          </reporter-output>
        </test-method> <!-- openBrowser -->
        <test-method signature="googleLogin()[pri:0, instance:com.MVN.Hackathon_Team6.ZigWheels_UsedCars@19fb8826]" started-at="2020-05-25T20:25:22 IST" name="googleLogin" finished-at="2020-05-25T20:26:18 IST" duration-ms="56466" status="PASS">
          <reporter-output>
          </reporter-output>
        </test-method> <!-- googleLogin -->
        <test-method signature="search()[pri:1, instance:com.MVN.Hackathon_Team6.ZigWheels_UsedCars@19fb8826]" started-at="2020-05-25T20:26:18 IST" name="search" finished-at="2020-05-25T20:26:46 IST" duration-ms="28139" status="PASS">
          <reporter-output>
          </reporter-output>
        </test-method> <!-- search -->
        <test-method signature="usedCars()[pri:2, instance:com.MVN.Hackathon_Team6.ZigWheels_UsedCars@19fb8826]" started-at="2020-05-25T20:26:46 IST" name="usedCars" finished-at="2020-05-25T20:27:04 IST" duration-ms="17559" status="PASS">
          <reporter-output>
          </reporter-output>
        </test-method> <!-- usedCars -->
        <test-method signature="logout()[pri:3, instance:com.MVN.Hackathon_Team6.ZigWheels_UsedCars@19fb8826]" started-at="2020-05-25T20:27:04 IST" name="logout" finished-at="2020-05-25T20:27:14 IST" duration-ms="9989" status="PASS">
          <reporter-output>
          </reporter-output>
        </test-method> <!-- logout -->
        <test-method is-config="true" signature="closeBrowser()[pri:0, instance:com.MVN.Hackathon_Team6.ZigWheels_UsedCars@19fb8826]" started-at="2020-05-25T20:27:14 IST" name="closeBrowser" finished-at="2020-05-25T20:27:19 IST" duration-ms="4931" status="PASS">
          <reporter-output>
          </reporter-output>
        </test-method> <!-- closeBrowser -->
      </class> <!-- com.MVN.Hackathon_Team6.ZigWheels_UsedCars -->
    </test> <!-- chromeTest -->
  </suite> <!-- Suite -->
</testng-results>
